<?xml version="1.0" encoding="UTF-8"?>
<testsuite xmlns:xsi="http://www.w3.org/2001/XMLSchema-instance" xsi:noNamespaceSchemaLocation="https://maven.apache.org/surefire/maven-surefire-plugin/xsd/surefire-test-report-3.0.xsd" version="3.0" name="de.PogChampIsAlreadyTaken.Papaya.Webshop.OrderingsystemTest" time="8.789" tests="1" errors="0" skipped="0" failures="0">
  <properties>
[...]
</properties>
  <testcase name="testHelloEndpoint" classname="de.PogChampIsAlreadyTaken.Papaya.Webshop.OrderingsystemTest" time="1.857">
    <system-out><![CDATA[2021-10-29 13:03:58,360 INFO  [io.quarkus] (main) Quarkus 2.4.0.Final on JVM started in 3.749s. Listening on: http://localhost:8081
2021-10-29 13:03:58,362 INFO  [io.quarkus] (main) Profile test activated. 
2021-10-29 13:03:58,362 INFO  [io.quarkus] (main) Installed features: [cdi, resteasy, smallrye-context-propagation, vertx]
]]></system-out>
  </testcase>
</testsuite>